[2022-04-06 00:10:20]	[done]
	build successfully !

[2022-04-06 00:11:26]	[done]
	build successfully !

[2022-04-06 01:04:48]	compilation failed at : "c:\Users\Deng-\OneDrive\Code\MCU\STM32 Project\HCDZ\CLOCK\src\main.c", exit code: 1
  at unify_builder.Program.Main (System.String[] args) [0x018f4] in <a38660f3f427450ba15f9858507cbeb8>:0 
---
".\src\main.c", line 11: Warning:  #223-D: function "LED_ON" declared implicitly
          LED_ON(LED1);
          ^
".\src\main.c", line 11: Error:  #20: identifier "LED1" is undefined
          LED_ON(LED1);
                 ^
".\src\main.c", line 13: Warning:  #223-D: function "LED_OFF" declared implicitly
          LED_OFF(LED1);
          ^
.\src\main.c: 2 warnings, 1 error

[2022-04-06 01:05:33]	compilation failed at : "c:\Users\Deng-\OneDrive\Code\MCU\STM32 Project\HCDZ\CLOCK\src\main.c", exit code: 1
  at unify_builder.Program.Main (System.String[] args) [0x018f4] in <a38660f3f427450ba15f9858507cbeb8>:0 
---
".\src\main.c", line 11: Error:  #20: identifier "LED1" is undefined
          LED_On(LED1);
                 ^
".\src\main.c", line 11: Error:  #140: too many arguments in function call
          LED_On(LED1);
                 ^
".\src\main.c", line 13: Error:  #140: too many arguments in function call
          LED_Off(LED1);
                  ^
.\src\main.c: 0 warnings, 3 errors

[2022-04-06 01:05:48]	[done]
	build successfully !

[2022-04-06 01:06:21]	[done]
	build successfully !

[2022-04-06 01:06:45]	[done]
	build successfully !

[2022-04-06 01:07:53]	[done]
	build successfully !

[2022-04-06 01:08:28]	[done]
	build successfully !

[2022-04-06 01:10:51]	[done]
	build successfully !

[2022-04-06 01:11:20]	[done]
	build successfully !

